<?xml version="1.0" encoding="UTF-8"?>
<testsuite name="com.mounacheikhna.screenshots.frame.FramePluginTest" tests="1" skipped="1" failures="0" errors="0" timestamp="2016-02-04T01:10:19" hostname="Cheikhnas-Personal-MacBook-Pro.local" time="0.0">
  <properties/>
  <testcase name="framePluginAddsTasksToProject" classname="com.mounacheikhna.screenshots.frame.FramePluginTest" time="0.0">
    <skipped/>
  </testcase>
  <system-out><![CDATA[]]></system-out>
  <system-err><![CDATA[]]></system-err>
</testsuite>
