<?xml version="1.0" encoding="UTF-8"?>
<testsuite name="com.mounacheikhna.publish.GenerateResourcesTest" tests="5" skipped="5" failures="0" errors="0" timestamp="2016-02-04T03:21:05" hostname="Cheikhnas-Personal-MacBook-Pro.local" time="0.006">
  <properties/>
  <testcase name="testResourcesAreCopiedIntoOutputFolder" classname="com.mounacheikhna.publish.GenerateResourcesTest" time="0.0">
    <skipped/>
  </testcase>
  <testcase name="testFlavorsOverrideMain" classname="com.mounacheikhna.publish.GenerateResourcesTest" time="0.001">
    <skipped/>
  </testcase>
  <testcase name="testVariantOverridesBuildType" classname="com.mounacheikhna.publish.GenerateResourcesTest" time="0.0">
    <skipped/>
  </testcase>
  <testcase name="testBuildTypeOverridesMain" classname="com.mounacheikhna.publish.GenerateResourcesTest" time="0.001">
    <skipped/>
  </testcase>
  <testcase name="testBuildTypeOverridesFlavor" classname="com.mounacheikhna.publish.GenerateResourcesTest" time="0.0">
    <skipped/>
  </testcase>
  <system-out><![CDATA[]]></system-out>
  <system-err><![CDATA[]]></system-err>
</testsuite>
